<?xml version="1.0" encoding="UTF-8"?>
<testng-results ignored="0" total="1" passed="1" failed="0" skipped="0">
  <reporter-output>
  </reporter-output>
  <suite started-at="2024-12-19T11:58:40 CET" name="Suite" finished-at="2024-12-19T11:58:49 CET" duration-ms="9776">
    <groups>
      <group name="Master">
        <method signature="TC001_Registration_Test.verify_Account_Registration()[pri:0, instance:testCases.TC001_Registration_Test@3857f613]" name="verify_Account_Registration" class="testCases.TC001_Registration_Test"/>
      </group> <!-- Master -->
      <group name="Regression">
        <method signature="TC001_Registration_Test.verify_Account_Registration()[pri:0, instance:testCases.TC001_Registration_Test@3857f613]" name="verify_Account_Registration" class="testCases.TC001_Registration_Test"/>
      </group> <!-- Regression -->
    </groups>
    <test started-at="2024-12-19T11:58:40 CET" name="Test" finished-at="2024-12-19T11:58:49 CET" duration-ms="9776">
      <class name="testCases.TC001_Registration_Test">
        <test-method is-config="true" signature="setup(java.lang.String,java.lang.String)[pri:0, instance:testCases.TC001_Registration_Test@3857f613]" started-at="2024-12-19T11:58:40 CET" name="setup" finished-at="2024-12-19T11:58:46 CET" duration-ms="5763" status="PASS">
          <params>
            <param index="0">
              <value>
                <![CDATA[Windows]]>
              </value>
            </param>
            <param index="1">
              <value>
                <![CDATA[chrome]]>
              </value>
            </param>
          </params>
          <reporter-output>
          </reporter-output>
        </test-method> <!-- setup -->
        <test-method signature="verify_Account_Registration()[pri:0, instance:testCases.TC001_Registration_Test@3857f613]" started-at="2024-12-19T11:58:46 CET" name="verify_Account_Registration" finished-at="2024-12-19T11:58:49 CET" duration-ms="3344" status="PASS">
          <reporter-output>
          </reporter-output>
        </test-method> <!-- verify_Account_Registration -->
        <test-method is-config="true" signature="tearDown()[pri:0, instance:testCases.TC001_Registration_Test@3857f613]" started-at="2024-12-19T11:58:49 CET" name="tearDown" finished-at="2024-12-19T11:58:49 CET" duration-ms="281" status="PASS">
          <reporter-output>
          </reporter-output>
        </test-method> <!-- tearDown -->
      </class> <!-- testCases.TC001_Registration_Test -->
    </test> <!-- Test -->
  </suite> <!-- Suite -->
</testng-results>
