<?xml version="1.0" encoding="UTF-8"?>
<testng-results ignored="0" total="4" passed="4" failed="0" skipped="0">
  <reporter-output>
  </reporter-output>
  <suite started-at="2024-12-27T14:28:42 CET" name="Suite" finished-at="2024-12-27T14:29:16 CET" duration-ms="34589">
    <groups>
      <group name="Master">
        <method signature="TC001_Registration_Test.verify_Account_Registration()[pri:0, instance:testCases.TC001_Registration_Test@7c6908d7]" name="verify_Account_Registration" class="testCases.TC001_Registration_Test"/>
        <method signature="TC002_Login_Test.verify_login()[pri:0, instance:testCases.TC002_Login_Test@4e08711f]" name="verify_login" class="testCases.TC002_Login_Test"/>
        <method signature="TC001_Registration_Test.verify_Account_Registration()[pri:0, instance:testCases.TC001_Registration_Test@79d8407f]" name="verify_Account_Registration" class="testCases.TC001_Registration_Test"/>
        <method signature="TC002_Login_Test.verify_login()[pri:0, instance:testCases.TC002_Login_Test@5fbe4146]" name="verify_login" class="testCases.TC002_Login_Test"/>
      </group> <!-- Master -->
      <group name="Sanity">
        <method signature="TC002_Login_Test.verify_login()[pri:0, instance:testCases.TC002_Login_Test@4e08711f]" name="verify_login" class="testCases.TC002_Login_Test"/>
        <method signature="TC002_Login_Test.verify_login()[pri:0, instance:testCases.TC002_Login_Test@5fbe4146]" name="verify_login" class="testCases.TC002_Login_Test"/>
      </group> <!-- Sanity -->
      <group name="Regression">
        <method signature="TC001_Registration_Test.verify_Account_Registration()[pri:0, instance:testCases.TC001_Registration_Test@7c6908d7]" name="verify_Account_Registration" class="testCases.TC001_Registration_Test"/>
        <method signature="TC001_Registration_Test.verify_Account_Registration()[pri:0, instance:testCases.TC001_Registration_Test@79d8407f]" name="verify_Account_Registration" class="testCases.TC001_Registration_Test"/>
      </group> <!-- Regression -->
    </groups>
    <test started-at="2024-12-27T14:28:42 CET" name="Linux-Chrome" finished-at="2024-12-27T14:28:58 CET" duration-ms="15892">
      <class name="testCases.TC001_Registration_Test">
        <test-method is-config="true" signature="setup(java.lang.String,java.lang.String)[pri:0, instance:testCases.TC001_Registration_Test@7c6908d7]" started-at="2024-12-27T14:28:42 CET" name="setup" finished-at="2024-12-27T14:28:47 CET" duration-ms="5073" status="PASS">
          <params>
            <param index="0">
              <value>
                <![CDATA[Linux]]>
              </value>
            </param>
            <param index="1">
              <value>
                <![CDATA[chrome]]>
              </value>
            </param>
          </params>
          <reporter-output>
          </reporter-output>
        </test-method> <!-- setup -->
        <test-method signature="verify_Account_Registration()[pri:0, instance:testCases.TC001_Registration_Test@7c6908d7]" started-at="2024-12-27T14:28:47 CET" name="verify_Account_Registration" finished-at="2024-12-27T14:28:50 CET" duration-ms="3384" status="PASS">
          <reporter-output>
          </reporter-output>
        </test-method> <!-- verify_Account_Registration -->
        <test-method is-config="true" signature="tearDown()[pri:0, instance:testCases.TC001_Registration_Test@7c6908d7]" started-at="2024-12-27T14:28:50 CET" name="tearDown" finished-at="2024-12-27T14:28:51 CET" duration-ms="90" status="PASS">
          <reporter-output>
          </reporter-output>
        </test-method> <!-- tearDown -->
      </class> <!-- testCases.TC001_Registration_Test -->
      <class name="testCases.TC002_Login_Test">
        <test-method is-config="true" signature="setup(java.lang.String,java.lang.String)[pri:0, instance:testCases.TC002_Login_Test@4e08711f]" started-at="2024-12-27T14:28:51 CET" name="setup" finished-at="2024-12-27T14:28:55 CET" duration-ms="4025" status="PASS">
          <params>
            <param index="0">
              <value>
                <![CDATA[Linux]]>
              </value>
            </param>
            <param index="1">
              <value>
                <![CDATA[chrome]]>
              </value>
            </param>
          </params>
          <reporter-output>
          </reporter-output>
        </test-method> <!-- setup -->
        <test-method signature="verify_login()[pri:0, instance:testCases.TC002_Login_Test@4e08711f]" started-at="2024-12-27T14:28:55 CET" name="verify_login" finished-at="2024-12-27T14:28:57 CET" duration-ms="2860" status="PASS">
          <reporter-output>
          </reporter-output>
        </test-method> <!-- verify_login -->
        <test-method is-config="true" signature="tearDown()[pri:0, instance:testCases.TC002_Login_Test@4e08711f]" started-at="2024-12-27T14:28:57 CET" name="tearDown" finished-at="2024-12-27T14:28:58 CET" duration-ms="92" status="PASS">
          <reporter-output>
          </reporter-output>
        </test-method> <!-- tearDown -->
      </class> <!-- testCases.TC002_Login_Test -->
    </test> <!-- Linux-Chrome -->
    <test started-at="2024-12-27T14:28:59 CET" name="Linux-Edge" finished-at="2024-12-27T14:29:16 CET" duration-ms="17272">
      <class name="testCases.TC001_Registration_Test">
        <test-method is-config="true" signature="setup(java.lang.String,java.lang.String)[pri:0, instance:testCases.TC001_Registration_Test@79d8407f]" started-at="2024-12-27T14:28:59 CET" name="setup" finished-at="2024-12-27T14:29:03 CET" duration-ms="4522" status="PASS">
          <params>
            <param index="0">
              <value>
                <![CDATA[Linux]]>
              </value>
            </param>
            <param index="1">
              <value>
                <![CDATA[edge]]>
              </value>
            </param>
          </params>
          <reporter-output>
          </reporter-output>
        </test-method> <!-- setup -->
        <test-method signature="verify_Account_Registration()[pri:0, instance:testCases.TC001_Registration_Test@79d8407f]" started-at="2024-12-27T14:29:03 CET" name="verify_Account_Registration" finished-at="2024-12-27T14:29:07 CET" duration-ms="3903" status="PASS">
          <reporter-output>
          </reporter-output>
        </test-method> <!-- verify_Account_Registration -->
        <test-method is-config="true" signature="tearDown()[pri:0, instance:testCases.TC001_Registration_Test@79d8407f]" started-at="2024-12-27T14:29:07 CET" name="tearDown" finished-at="2024-12-27T14:29:09 CET" duration-ms="1112" status="PASS">
          <reporter-output>
          </reporter-output>
        </test-method> <!-- tearDown -->
      </class> <!-- testCases.TC001_Registration_Test -->
      <class name="testCases.TC002_Login_Test">
        <test-method is-config="true" signature="setup(java.lang.String,java.lang.String)[pri:0, instance:testCases.TC002_Login_Test@5fbe4146]" started-at="2024-12-27T14:29:09 CET" name="setup" finished-at="2024-12-27T14:29:12 CET" duration-ms="3948" status="PASS">
          <params>
            <param index="0">
              <value>
                <![CDATA[Linux]]>
              </value>
            </param>
            <param index="1">
              <value>
                <![CDATA[edge]]>
              </value>
            </param>
          </params>
          <reporter-output>
          </reporter-output>
        </test-method> <!-- setup -->
        <test-method signature="verify_login()[pri:0, instance:testCases.TC002_Login_Test@5fbe4146]" started-at="2024-12-27T14:29:12 CET" name="verify_login" finished-at="2024-12-27T14:29:15 CET" duration-ms="2619" status="PASS">
          <reporter-output>
          </reporter-output>
        </test-method> <!-- verify_login -->
        <test-method is-config="true" signature="tearDown()[pri:0, instance:testCases.TC002_Login_Test@5fbe4146]" started-at="2024-12-27T14:29:15 CET" name="tearDown" finished-at="2024-12-27T14:29:16 CET" duration-ms="1152" status="PASS">
          <reporter-output>
          </reporter-output>
        </test-method> <!-- tearDown -->
      </class> <!-- testCases.TC002_Login_Test -->
    </test> <!-- Linux-Edge -->
  </suite> <!-- Suite -->
</testng-results>
